258008.87
0 554
0 1215
1215 1430
312 1430
312 766
766 1465
521 1465
798 1465
798 1151
449 1151
449 1049
521 781
500 1049
449 650
0 1576
0 1518
863 1518
1049 1388
1368 1388
1368 1434
232 1434
232 348
348 750
750 1287
1137 1287
148 1287
148 340
340 628
188 650
188 1321
594 1434
584 594
584 648
108 648
108 779
779 1183
835 1183
52 1183
52 101
67 101
500 670
510 628
650 773
496 773
67 227
227 1591
101 296
296 1347
29 296
670 1563
362 1563
362 1489
317 1489
50 317
50 1418
852 1418
667 852
667 1230
1091 1230
1091 1192
920 1192
552 1192
920 1428
667 1084
1084 1413
1413 1513
381 1513
126 381
126 173
173 524
173 836
736 836
736 1243
243 1243
243 1254
1109 1254
1109 1387
1308 1387
758 1308
243 933
583 758
246 552
246 1580
1492 1580
154 1492
154 660
261 660
261 751
751 829
829 903
903 1186
77 1186
77 1334
977 1334
249 977
249 752
249 314
314 1400
1025 1400
1025 1281
1061 1281
715 1025
715 1048
1048 1107
817 1048
799 817
799 971
971 1597
1297 1597
1297 1575
1320 1575
300 1320
789 1107
789 1007
585 1007
585 603
898 1007
846 898
598 846
598 691
691 1123
1123 1136
477 1136
213 477
213 1164
322 1164
103 322
3 103
3 1420
292 1420
292 873
771 873
771 1139
155 873
874 1136
423 874
1139 1143
645 1143
629 645
629 1307
79 1307
629 693
642 693
79 958
136 958
136 1571
1154 1571
616 1154
616 1472
726 1472
409 726
409 986
459 986
402 459
402 867
679 867
679 768
867 1442
402 1262
1397 1442
768 837
607 837
522 607
472 522
192 472
837 921
192 1233
1233 1264
887 1264
887 1134
11 1134
11 311
311 399
319 399
119 319
119 1110
742 1134
225 742
1110 1406
1100 1406
48 1100
526 1406
526 1337
1100 1552
457 1552
457 948
300 374
374 1346
374 1438
1185 1346
1185 1441
1256 1441
1005 1256
655 1005
48 391
391 1507
599 1507
326 599
326 335
335 343
343 456
456 1283
419 1283
794 1283
419 992
992 1473
632 1473
632 1590
1341 1590
599 906
906 1019
1019 1407
676 1407
676 1345
175 1345
1182 1552
1233 1460
280 1460
1005 1526
208 1526
171 208
171 880
778 880
778 1212
1212 1469
132 1469
632 1421
1222 1421
735 1222
735 959
959 1261
1222 1310
118 1421
655 741
741 1317
614 1317
614 1536
153 1536
153 936
936 1286
1286 1410
12 1410
12 809
240 809
236 240
129 236
236 1138
1138 1570
763 1570
763 997
329 997
329 542
127 542
936 1378
1054 1378
127 139
139 895
895 1520
210 1520
210 1016
387 1016
51 387
51 978
51 725
12 180
180 501
501 1515
469 1515
725 1108
730 1108
730 1514
730 879
1454 1514
244 1454
469 1073
1073 1538
354 1538
354 1540
244 1013
139 1242
1242 1311
198 614
725 1356
1054 1302
1098 1302
577 1098
577 915
91 1540
103 587
587 1398
587 996
996 1140
915 949
533 542
509 533
533 1474
1433 1474
137 1433
273 280
273 820
256 820
642 774
774 871
264 871
686 871
103 818
686 738
738 1045
1045 1153
124 1045
132 831
388 831
388 1150
198 452
99 971
1259 1262
657 1259
439 657
439 756
439 445
445 480
712 1311
712 1471
712 1380
656 1380
285 656
255 285
189 452
189 1327
877 1327
189 1181
1216 1327
1216 1276
383 1276
383 412
412 1046
816 1046
578 1046
396 578
739 880
558 739
558 982
982 1022
1022 1357
88 1022
175 1390
503 1390
264 1467
1314 1467
1228 1314
1228 1267
1267 1270
1270 1404
1124 1404
416 1267
416 1396
416 1072
1002 1270
1002 1165
840 1165
183 1002
183 463
463 1436
1436 1596
806 1596
181 806
307 1396
86 307
307 1298
86 802
802 1385
1269 1385
722 1269
646 1385
217 646
217 1394
840 894
309 894
309 865
511 894
511 1037
344 1037
344 790
344 972
826 972
368 790
30 368
368 770
770 891
327 891
327 1313
570 1313
891 964
608 964
964 1599
47 1599
47 823
467 823
209 823
209 905
209 559
559 1001
532 1001
532 793
6 793
6 305
305 967
6 1159
847 1159
123 847
428 1599
428 1217
181 980
980 1546
1246 1546
331 1246
331 1566
41 1566
33 41
33 1204
27 33
27 204
204 448
17 448
448 1488
1312 1488
1040 1312
27 177
941 1040
331 407
941 1279
1279 1299
1279 1435
347 1435
17 297
425 967
425 1510
425 1361
425 1564
1204 1210
366 1210
894 954
954 1524
565 1524
377 565
377 1409
707 1409
707 1063
707 1101
160 1101
160 205
160 1296
767 1296
22 767
22 644
644 1209
1209 1592
613 1592
613 884
613 1569
1052 1569
1052 1271
436 1271
783 1271
1015 1209
870 954
870 962
254 962
205 1376
747 1376
102 747
102 1362
325 1362
325 415
415 878
505 878
493 505
431 493
200 431
200 1006
990 1006
617 990
14 617
14 861
623 861
623 1174
1174 1284
1284 1318
1292 1318
1318 1373
1373 1412
1402 1412
801 1373
221 801
839 1402
221 417
14 394
394 866
866 1083
417 1595
1128 1595
1128 1201
1201 1416
1188 1416
1188 1229
441 1188
222 1229
222 1332
1128 1556
886 1556
886 1316
844 1362
844 969
844 1555
71 1555
71 882
641 882
444 641
641 850
125 377
953 1072
932 953
39 532
39 1499
1237 1499
1237 1598
957 1237
135 957
135 743
743 965
832 1499
39 172
134 965
134 1094
237 1094
237 1111
1111 1558
1225 1558
525 1225
1444 1558
910 1225
228 910
228 791
791 1180
1180 1350
1180 1532
910 1335
176 847
53 176
53 1175
126 351
351 1366
487 1366
373 487
373 662
662 855
133 373
662 1161
106 1161
88 1193
104 1409
104 643
62 104
643 995
255 930
832 1358
761 1358
761 1155
1155 1360
534 1360
302 534
162 302
302 900
719 900
672 719
672 1047
993 1047
114 993
993 1508
536 1508
536 1009
536 1167
908 1508
112 114
112 1401
700 1401
539 700
539 911
401 911
401 1277
248 967
478 783
478 1477
257 1477
257 1191
1013 1427
893 1427
567 893
266 567
138 266
138 939
404 939
138 1363
922 1363
922 1544
668 922
653 668
404 1030
138 1446
834 1446
82 834
82 979
250 979
250 405
390 405
390 1351
358 1351
358 912
797 912
15 797
15 1278
453 1278
453 1504
1468 1504
1234 1468
1198 1234
1010 1234
390 845
845 1456
491 834
398 491
398 701
81 701
746 1456
10 1198
10 970
310 970
310 549
549 1574
291 1574
291 515
515 626
211 626
211 740
740 1485
626 1331
150 549
150 753
1485 1553
63 1553
63 345
345 516
516 1144
753 989
223 989
345 502
1144 1213
403 1213
197 1213
197 729
729 732
732 1034
881 1034
147 881
147 429
429 1178
1178 1379
1379 1537
334 1537
94 334
94 804
1087 1537
334 611
729 1588
800 1588
605 800
605 1422
1078 1422
769 1078
701 1082
1076 1082
223 1466
1466 1512
131 1512
548 1087
548 1545
115 1545
115 1503
115 960
664 1503
166 960
166 219
502 1304
566 1304
960 1393
1095 1393
812 1095
349 1393
349 1395
1141 1395
514 812
514 994
514 883
994 1557
320 1557
320 581
973 1557
253 973
253 1586
901 1586
724 883
304 724
304 987
304 1245
1245 1355
1355 1500
16 1500
16 1168
635 1168
426 635
426 916
182 916
916 1579
682 1579
64 682
1439 1579
1439 1549
1289 1549
1439 1534
278 1289
278 1196
913 1196
529 913
529 1498
359 529
359 545
359 1305
563 1534
563 1247
1247 1431
182 289
490 987
191 490
191 230
230 406
92 406
406 1224
473 1224
450 473
37 450
450 708
168 708
168 716
182 352
352 541
541 1041
541 1067
724 1035
223 1241
923 1241
1050 1241
282 1010
282 1004
386 901
386 931
609 931
609 1171
251 1171
251 652
652 1177
224 652
420 609
420 625
420 1250
224 868
245 625
245 556
556 649
649 904
245 862
411 862
411 1248
1248 1475
1133 1475
1187 1475
306 1187
1148 1187
128 904
128 1483
1372 1483
1483 1502
36 1502
36 267
267 1057
1502 1561
1511 1561
1301 1511
1301 1303
196 1303
196 857
378 1177
378 1244
361 857
361 1521
1424 1521
435 1424
435 1309
367 1309
435 1028
889 1028
654 889
956 1521
651 1303
424 1133
424 1453
66 1453
66 235
235 1249
4 1249
4 710
710 983
983 1530
96 1530
96 945
543 945
945 1560
1104 1560
90 1104
507 1104
1104 1470
1419 1470
690 1419
350 690
1158 1419
2 1453
2 438
301 438
350 492
157 492
543 621
621 1203
122 1203
122 785
74 785
785 946
687 946
336 687
336 859
385 859
385 998
385 520
520 1239
346 1239
346 824
346 370
370 947
370 589
295 589
40 295
295 737
339 737
339 1219
885 1219
93 1219
93 600
600 1370
186 1370
18 1370
117 737
18 1263
942 1263
1263 1589
1036 1589
706 942
706 869
117 698
698 813
659 1203
659 1330
298 659
298 433
179 433
179 999
694 999
999 1170
796 869
161 947
161 848
321 848
161 458
321 1342
1328 1342
848 1457
1117 1457
661 1117
241 1117
241 918
692 918
856 918
689 856
856 1166
458 1081
606 1081
606 875
875 1496
1202 1496
1202 1381
1322 1381
1116 1322
110 1116
110 1572
179 897
620 868
620 1464
1464 1533
671 1464
149 1533
149 1160
174 1496
519 1141
426 734
99 462
462 755
755 1509
1509 1523
242 1523
755 1529
323 1529
664 854
854 1021
919 1021
828 919
828 872
764 872
1070 1159
530 1201
454 530
134 787
62 486
145 486
246 1000
35 1000
963 994
963 1106
1106 1494
372 1494
372 506
277 372
277 1550
1172 1550
24 1550
24 876
393 876
24 658
156 658
156 443
357 443
357 1226
259 1226
259 460
61 460
61 723
723 1039
858 1039
858 1295
1071 1295
955 1295
573 955
573 1417
1231 1417
531 1231
259 966
603 634
1428 1495
721 1040
721 1389
517 1389
517 713
279 524
279 1559
787 1585
1057 1542
1042 1542
1026 1042
1026 1064
1064 1577
484 1026
484 1218
528 1218
468 528
468 1023
1023 1462
484 702
178 1023
262 620
262 474
474 1476
1077 1476
935 1077
178 1429
826 1565
163 496
163 1291
1240 1291
1240 1354
315 1354
55 1354
55 65
65 1268
1075 1268
1075 1274
1088 1274
1274 1375
1375 1382
825 1382
696 825
696 864
705 1075
68 705
827 1375
827 1149
1024 1149
591 1024
303 1024
843 1149
303 1027
597 1027
591 1105
1105 1371
696 1014
1014 1554
455 1554
28 455
28 1535
1371 1452
1068 1452
974 1068
638 974
76 638
76 355
638 728
83 638
355 727
45 728
45 1359
461 1359
355 1399
1012 1399
410 1012
120 410
120 1306
120 1384
113 1306
113 1032
1032 1163
483 1163
927 1163
427 927
427 1593
49 1593
49 488
316 483
49 704
704 1056
84 1593
316 1031
636 1031
547 1031
73 636
579 1056
551 579
551 575
575 975
575 1288
1038 1288
1038 1102
1102 1391
206 488
674 975
437 674
105 437
105 376
105 288
1038 1344
475 1344
84 518
488 1135
215 1135
215 1519
376 446
193 446
193 1300
78 1300
78 1325
451 1325
451 703
703 795
290 795
451 1079
330 1079
330 1208
107 330
446 601
601 1265
497 1265
32 1102
32 1432
595 1432
25 595
194 595
194 421
421 1386
194 365
365 466
89 1386
89 1587
639 1587
780 1587
593 780
639 1478
760 1478
466 1126
1126 1484
1484 1505
821 1126
821 1481
1211 1505
976 1211
422 1505
422 815
602 815
602 711
612 711
56 612
56 792
615 792
432 615
432 775
121 579
795 1280
633 1280
560 633
140 560
140 400
400 544
544 759
759 917
397 917
759 1377
754 1377
754 985
59 985
44 59
44 1113
1103 1113
512 1103
512 1044
988 1377
380 985
59 1365
1235 1365
538 1235
165 512
165 582
582 807
807 1392
465 1392
465 1482
142 465
142 1122
1324 1365
418 1324
1179 1482
538 1487
765 1487
765 1447
830 1447
294 830
294 313
765 981
1315 1487
1195 1315
523 1195
21 523
21 1336
523 681
337 1315
337 1065
681 1115
807 1157
109 827
221 260
260 1251
1085 1251
389 1085
328 389
328 699
440 1417
1086 1376
656 709
580 1433
580 1547
1253 1547
1055 1253
1055 1093
924 1093
902 924
902 1562
1252 1562
231 1562
231 1097
803 1097
231 619
619 1190
75 1190
75 631
631 1260
888 1260
888 1127
1127 1176
1176 1352
714 1352
413 714
914 1260
413 1443
263 1443
479 619
914 1017
550 1017
38 550
19 38
38 627
382 627
19 684
238 684
238 842
842 1423
430 1252
430 557
508 557
557 1227
271 1227
508 952
952 1008
688 1008
688 731
688 1445
1333 1445
733 1333
733 940
733 1294
31 731
31 647
647 1323
782 1323
782 849
201 849
201 896
201 748
748 1383
675 1383
951 1383
527 951
527 934
527 1033
31 1285
1033 1232
788 1232
788 1374
247 1374
929 1232
929 1129
926 929
318 1129
5 926
1221 1285
464 1221
464 860
464 1255
299 1255
299 695
695 1403
1403 1415
1238 1415
637 1255
13 637
13 590
442 590
199 442
199 588
485 1423
95 485
95 1551
371 1551
1333 1479
504 1479
504 1367
284 382
284 1491
1273 1491
34 1273
1273 1531
1080 1531
1463 1531
1066 1463
697 1066
697 1497
1497 1548
34 1522
776 1522
414 776
569 776
185 1080
185 1408
1053 1408
233 1053
233 950
950 1220
1293 1408
233 481
1290 1497
1367 1581
226 1581
226 1584
238 1206
1206 1364
43 1364
384 1364
495 1364
495 572
375 572
375 1184
338 1184
338 494
283 494
143 283
281 1184
610 951
333 610
324 333
324 892
324 604
85 604
610 1018
5 1200
555 1200
555 1197
555 720
408 720
408 482
482 1348
1132 1348
275 1132
275 1459
677 1459
677 984
984 1493
1493 1567
1501 1567
1486 1501
364 1486
745 1486
57 745
364 784
784 1543
360 1543
360 640
42 640
42 1142
1069 1142
363 1069
762 1197
762 1539
586 1539
152 586
252 363
252 471
471 499
499 968
270 968
97 270
9 97
9 838
97 447
212 447
447 673
1147 1227
111 1147
111 1451
111 717
717 1173
749 1173
749 1343
395 1343
202 1173
332 395
332 1338
202 434
239 434
239 1043
332 1029
1029 1426
1426 1449
685 1426
685 1517
144 1449
144 1527
1119 1527
938 1119
938 991
991 1194
190 1194
190 535
72 535
72 680
234 680
195 234
167 234
167 772
190 1214
54 1214
1214 1490
195 216
216 1282
216 540
1125 1282
170 1125
170 1340
170 718
69 718
69 1051
928 1051
683 928
342 683
169 342
513 1051
258 513
718 1060
1060 1152
308 1060
308 777
169 564
564 841
841 1145
268 1145
268 1275
1092 1490
1092 1448
961 1448
207 1448
207 618
207 1205
184 1205
184 810
571 810
571 1349
786 1349
146 810
678 777
678 1257
553 1257
1131 1257
1131 1450
239 811
811 907
669 907
116 1205
116 1369
1369 1573
907 1090
1090 1118
95 622
187 622
187 470
1184 1516
673 1096
60 550
60 1162
164 1162
663 1522
814 1450
80 519
80 943
943 1440
80 576
293 1532
20 293
20 392
919 1425
561 1425
561 909
1170 1455
1169 1455
91 1480
562 1480
562 568
568 819
214 562
214 665
819 1121
899 1121
23 1121
379 665
218 379
1146 1246
1146 1568
1096 1099
87 1099
87 1339
808 1339
220 808
100 220
1189 1339
141 1099
203 492
1130 1277
1130 1541
229 1541
229 1003
229 1528
1528 1582
159 1582
1272 1495
58 1532
58 1112
26 1112
26 353
944 1112
944 1411
1089 1411
1059 1089
1059 1156
833 1156
1089 1258
833 1414
1414 1437
833 1120
341 1120
341 592
592 1583
1266 1414
286 1266
286 498
1062 1067
7 780
7 624
1 624
70 624
1 546
546 596
596 1236
546 1458
356 1575
273 805
489 1070
98 489
98 1199
130 1199
130 1114
8 130
8 1506
853 1114
8 274
274 1405
1353 1405
937 1353
630 937
274 1461
158 1236
158 1020
265 1020
1275 1578
756 1074
218 1329
1207 1329
890 1207
851 1340
476 1516
673 822
29 1326
151 539
151 1319
925 1319
175 1525
287 432
276 1236
1058 1478
46 1058
1011 1058
269 1011
269 537
537 757
744 757
744 1594
666 757
367 1223
272 677
272 574
272 369
