258008.87
1 624
2 1453
3 103
4 1249
5 926
6 793
7 780
8 130
9 97
10 1198
11 1134
12 1410
13 637
14 617
15 797
16 1500
17 448
18 1370
19 38
20 293
21 523
22 767
23 1121
24 1550
25 595
26 1112
27 33
28 455
29 296
30 368
31 731
32 1102
33 41
34 1273
35 1000
36 1502
37 450
38 550
39 532
40 295
41 1566
42 640
43 1364
44 59
45 728
46 1058
47 1599
48 1100
49 1593
50 317
51 387
52 1183
53 176
54 1214
55 1354
56 612
57 745
58 1532
59 985
60 550
61 460
62 104
63 1553
64 682
55 65
66 1453
67 101
68 705
69 718
70 624
71 1555
72 535
73 636
74 785
75 1190
76 638
77 1186
78 1300
79 1307
80 519
81 701
82 834
83 638
84 1593
85 604
86 307
87 1099
88 1022
89 1386
90 1104
91 1540
92 406
93 1219
94 334
95 485
96 1530
97 270
98 489
99 971
100 220
52 101
102 747
103 322
104 1409
105 437
106 1161
107 330
108 648
109 827
110 1116
111 1147
112 114
113 1306
114 993
115 1545
116 1205
117 737
118 1421
119 319
120 410
121 579
122 1203
123 847
124 1045
125 377
126 381
127 542
128 904
129 236
130 1199
131 1512
132 1469
133 373
134 965
135 957
136 958
137 1433
138 266
127 139
140 560
141 1099
142 465
143 283
144 1449
145 486
146 810
147 881
148 1287
149 1533
150 549
151 539
152 586
153 1536
154 1492
155 873
156 658
157 492
158 1236
159 1582
160 1101
161 947
162 302
163 496
164 1162
165 512
166 960
167 234
168 708
169 342
170 1125
171 208
39 172
126 173
174 1496
175 1345
176 847
27 177
178 1023
179 433
12 180
181 806
182 916
183 1002
184 1205
185 1080
186 1370
187 622
188 650
189 452
190 1194
191 490
192 472
193 446
194 595
195 234
196 1303
197 1213
198 614
199 442
200 431
201 849
202 1173
203 492
27 204
160 205
206 488
207 1448
208 1526
209 823
210 1520
211 626
212 447
213 477
214 562
215 1135
195 216
217 646
218 379
166 219
220 808
221 801
222 1229
223 989
224 652
225 742
226 1581
67 227
228 910
229 1541
191 230
231 1562
232 1434
233 1053
234 680
66 235
236 240
237 1094
238 684
239 434
240 809
241 1117
242 1523
243 1243
244 1454
245 625
246 552
247 1374
248 967
249 977
250 979
251 1171
252 363
253 973
254 962
255 285
256 820
257 1477
258 513
259 1226
221 260
261 660
262 620
263 1443
264 871
265 1020
266 567
36 267
268 1145
269 1011
270 968
271 1227
272 677
273 280
8 274
275 1132
276 1236
277 372
278 1289
279 524
280 1460
281 1184
282 1010
283 494
284 382
285 656
286 1266
287 432
105 288
182 289
290 795
291 1574
292 1420
293 1532
294 830
295 589
101 296
17 297
298 659
299 1255
300 1320
301 438
302 534
303 1024
304 724
6 305
306 1187
307 1396
308 1060
309 894
310 970
11 311
312 1430
294 313
249 314
315 1354
316 483
317 1489
318 1129
319 399
320 1557
321 848
322 1164
323 1529
324 333
325 1362
326 599
327 891
328 389
329 997
330 1079
331 1246
332 395
333 610
334 1537
326 335
336 687
337 1315
338 1184
339 737
148 340
341 1120
342 683
335 343
344 1037
63 345
346 1239
347 1435
232 348
349 1393
350 690
126 351
182 352
26 353
354 1538
76 355
356 1575
357 443
358 1351
359 529
360 1543
361 857
362 1563
363 1069
364 1486
194 365
366 1210
367 1309
368 790
272 369
346 370
371 1551
372 1494
373 487
300 374
375 572
105 376
377 565
378 1177
379 665
380 985
381 1513
382 627
383 1276
384 1364
385 859
386 901
387 1016
388 831
389 1085
390 405
48 391
20 392
393 876
14 394
395 1343
396 578
397 917
398 491
311 399
140 400
401 911
402 459
403 1213
404 939
250 405
230 406
331 407
408 720
409 726
410 1012
411 862
383 412
413 714
414 776
325 415
416 1267
221 417
418 1324
419 1283
420 609
194 421
422 1505
423 874
424 1133
425 967
426 635
427 927
428 1599
147 429
430 1252
431 493
432 615
298 433
202 434
435 1424
436 1271
437 674
2 438
439 657
440 1417
441 1188
442 590
156 443
444 641
439 445
376 446
97 447
204 448
449 1151
450 473
451 1325
198 452
453 1278
454 530
455 1554
343 456
457 1552
161 458
459 986
259 460
461 1359
99 462
183 463
464 1221
465 1392
365 466
467 823
468 528
469 1515
187 470
252 471
472 522
473 1224
262 474
475 1344
476 1516
477 1136
478 783
479 619
445 480
233 481
408 482
483 1163
484 1026
485 1423
62 486
487 1366
49 488
489 1070
490 987
491 834
350 492
493 505
338 494
495 1364
496 773
497 1265
286 498
471 499
500 1049
180 501
345 502
503 1390
504 1479
505 878
372 506
507 1104
508 557
509 533
510 628
511 894
512 1103
513 1051
514 812
291 515
345 516
517 1389
84 518
519 1141
385 520
521 1465
522 607
523 1195
173 524
525 1225
526 1406
527 951
528 1218
529 913
530 1201
531 1231
532 1001
533 542
534 1360
190 535
536 1508
269 537
538 1235
539 700
216 540
352 541
329 542
543 945
400 544
359 545
1 546
547 1031
548 1087
310 549
550 1017
551 579
552 1192
553 1257
0 554
555 1200
245 556
430 557
558 739
209 559
560 633
561 1425
562 1480
563 1534
169 564
565 1524
566 1304
567 893
562 568
569 776
570 1313
571 810
495 572
573 955
272 574
551 575
80 576
577 1098
578 1046
579 1056
580 1433
320 581
165 582
583 758
584 594
585 1007
586 1539
103 587
199 588
370 589
13 590
591 1024
341 592
593 780
594 1434
595 1432
546 596
597 1027
598 846
599 1507
93 600
446 601
602 815
585 603
324 604
605 800
606 1081
607 837
608 964
609 931
610 951
334 611
612 711
613 1592
614 1317
615 792
616 1154
617 990
207 618
231 619
620 868
543 621
95 622
623 861
7 624
420 625
515 626
38 627
340 628
629 645
630 937
75 631
632 1473
633 1280
603 634
635 1168
636 1031
637 1255
638 974
639 1587
360 640
641 882
642 693
104 643
22 644
645 1143
646 1385
31 647
584 648
556 649
449 650
651 1303
251 652
653 668
654 889
655 1005
656 1380
657 1259
24 658
659 1203
154 660
661 1117
373 662
663 1522
664 1503
214 665
666 757
667 852
668 922
669 907
500 670
671 1464
672 719
447 673
674 975
675 1383
676 1407
677 1459
678 777
679 867
72 680
523 681
682 1579
683 928
19 684
685 1426
686 871
687 946
688 1008
689 856
690 1419
598 691
692 918
629 693
694 999
299 695
696 825
697 1066
117 698
328 699
700 1401
398 701
484 702
451 703
49 704
705 1075
706 942
707 1409
450 708
656 709
4 710
602 711
712 1311
517 713
714 1352
715 1025
168 716
111 717
170 718
719 900
555 720
721 1040
722 1269
61 723
724 883
51 725
726 1472
355 727
638 728
197 729
730 1108
688 731
729 732
733 1333
426 734
735 1222
736 836
295 737
686 738
739 880
211 740
655 741
742 1134
135 743
744 757
745 1486
746 1456
747 1376
201 748
749 1173
348 750
261 751
249 752
150 753
754 1377
462 755
439 756
537 757
758 1308
544 759
760 1478
761 1358
762 1197
763 1570
764 872
765 1487
312 766
767 1296
679 768
769 1078
368 770
771 873
167 772
650 773
642 774
432 775
776 1522
308 777
778 880
108 779
780 1587
521 781
782 1323
783 1271
364 784
122 785
786 1349
134 787
788 1232
789 1107
344 790
228 791
56 792
532 793
794 1283
703 795
796 869
797 912
798 1465
799 817
800 1588
801 1373
86 802
803 1097
94 804
273 805
806 1596
582 807
808 1339
12 809
184 810
239 811
812 1095
698 813
814 1450
422 815
816 1046
817 1048
103 818
568 819
273 820
821 1126
673 822
47 823
346 824
825 1382
826 972
827 1375
828 919
751 829
830 1447
132 831
832 1499
833 1156
834 1446
835 1183
173 836
768 837
9 838
839 1402
840 1165
564 841
238 842
843 1149
844 1362
390 845
846 898
847 1159
161 848
782 849
641 850
851 1340
852 1418
853 1114
664 854
662 855
856 918
196 857
858 1039
336 859
464 860
14 861
245 862
863 1518
696 864
309 865
394 866
402 867
224 868
706 869
870 954
774 871
828 872
292 873
874 1136
606 875
24 876
877 1327
415 878
730 879
171 880
881 1034
71 882
514 883
613 884
885 1219
886 1556
887 1264
888 1260
889 1028
890 1207
770 891
324 892
893 1427
840 894
139 895
201 896
179 897
898 1007
899 1121
302 900
901 1586
902 924
829 903
649 904
209 905
599 906
811 907
908 1508
561 909
910 1225
539 911
358 912
913 1196
914 1260
577 915
426 916
759 917
241 918
919 1021
920 1192
837 921
922 1363
923 1241
924 1093
925 1319
926 929
927 1163
928 1051
929 1232
255 930
386 931
932 953
243 933
527 934
935 1077
153 936
937 1353
938 1119
138 939
733 940
941 1040
942 1263
80 943
944 1112
96 945
785 946
370 947
457 948
915 949
233 950
951 1383
508 952
953 1072
894 954
955 1295
956 1521
957 1237
79 958
735 959
115 960
961 1448
870 962
963 994
891 964
743 965
259 966
305 967
499 968
844 969
10 970
799 971
344 972
973 1557
974 1068
575 975
976 1211
977 1334
51 978
82 979
181 980
765 981
558 982
710 983
677 984
754 985
409 986
304 987
988 1377
753 989
990 1006
938 991
419 992
993 1047
514 994
643 995
587 996
763 997
385 998
179 999
246 1000
559 1001
1002 1270
229 1003
282 1004
1005 1256
200 1006
789 1007
952 1008
536 1009
1010 1234
1011 1058
1012 1399
244 1013
696 1014
1015 1209
210 1016
914 1017
610 1018
906 1019
158 1020
854 1021
982 1022
468 1023
1024 1149
1025 1400
1026 1042
303 1027
435 1028
332 1029
404 1030
316 1031
113 1032
527 1033
732 1034
724 1035
1036 1589
511 1037
1038 1288
723 1039
1040 1312
541 1041
1042 1542
239 1043
512 1044
738 1045
412 1046
672 1047
715 1048
449 1049
1050 1241
69 1051
1052 1569
1053 1408
1054 1378
1055 1253
704 1056
267 1057
1058 1478
1059 1089
718 1060
1061 1281
1062 1067
707 1063
1026 1064
337 1065
1066 1463
541 1067
1068 1452
1069 1142
1070 1159
1071 1295
416 1072
469 1073
756 1074
1075 1268
1076 1082
1077 1476
1078 1422
451 1079
1080 1531
458 1081
701 1082
866 1083
667 1084
1085 1251
1086 1376
1087 1537
1088 1274
1089 1411
907 1090
1091 1230
1092 1490
1055 1093
134 1094
1095 1393
673 1096
231 1097
1098 1302
1096 1099
1100 1406
707 1101
1038 1102
1103 1113
1104 1560
591 1105
963 1106
1048 1107
725 1108
1109 1254
119 1110
237 1111
58 1112
44 1113
130 1114
681 1115
1116 1322
1117 1457
1090 1118
1119 1527
833 1120
819 1121
142 1122
691 1123
1124 1404
1125 1282
466 1126
888 1127
1128 1595
929 1129
1130 1277
1131 1257
1132 1348
1133 1475
887 1134
488 1135
1123 1136
1137 1287
236 1138
771 1139
996 1140
1141 1395
42 1142
1139 1143
516 1144
841 1145
1146 1246
1147 1227
1148 1187
827 1149
388 1150
798 1151
1060 1152
1045 1153
1154 1571
761 1155
1059 1156
807 1157
1158 1419
6 1159
149 1160
662 1161
60 1162
1032 1163
213 1164
1002 1165
856 1166
536 1167
16 1168
1169 1455
999 1170
609 1171
1172 1550
717 1173
623 1174
53 1175
1127 1176
652 1177
429 1178
1179 1482
791 1180
189 1181
1182 1552
779 1183
375 1184
1185 1346
903 1186
1187 1475
1188 1416
1189 1339
619 1190
257 1191
1091 1192
88 1193
991 1194
1195 1315
278 1196
555 1197
1198 1234
98 1199
5 1200
1128 1201
1202 1496
621 1203
33 1204
207 1205
238 1206
1207 1329
330 1208
644 1209
1204 1210
1211 1505
778 1212
1144 1213
190 1214
0 1215
1216 1327
428 1217
484 1218
339 1219
950 1220
1221 1285
1222 1421
367 1223
406 1224
1225 1558
357 1226
557 1227
1228 1314
1188 1229
667 1230
1231 1417
1033 1232
192 1233
1234 1468
1235 1365
596 1236
1237 1499
1238 1415
520 1239
1240 1291
223 1241
139 1242
736 1243
378 1244
304 1245
1246 1546
563 1247
411 1248
235 1249
420 1250
260 1251
1252 1562
1253 1547
243 1254
464 1255
1256 1441
678 1257
1089 1258
1259 1262
631 1260
959 1261
402 1262
18 1263
1233 1264
601 1265
1266 1414
1228 1267
65 1268
1269 1385
1267 1270
1052 1271
1272 1495
1273 1491
1075 1274
268 1275
1216 1276
401 1277
15 1278
941 1279
795 1280
1025 1281
216 1282
456 1283
1174 1284
31 1285
936 1286
750 1287
575 1288
1289 1549
1290 1497
163 1291
1292 1318
1293 1408
733 1294
858 1295
160 1296
1297 1597
307 1298
1279 1299
193 1300
1301 1511
1054 1302
1301 1303
502 1304
359 1305
120 1306
629 1307
1308 1387
435 1309
1222 1310
1242 1311
1312 1488
327 1313
1314 1467
1315 1487
886 1316
741 1317
1284 1318
151 1319
1320 1575
188 1321
1322 1381
647 1323
1324 1365
78 1325
29 1326
189 1327
1328 1342
218 1329
659 1330
626 1331
222 1332
1333 1445
77 1334
910 1335
21 1336
526 1337
332 1338
87 1339
170 1340
1341 1590
321 1342
749 1343
1038 1344
676 1345
374 1346
296 1347
482 1348
571 1349
1180 1350
390 1351
1176 1352
1353 1405
1240 1354
1245 1355
725 1356
1022 1357
832 1358
45 1359
1155 1360
425 1361
102 1362
138 1363
1206 1364
59 1365
351 1366
504 1367
1368 1388
116 1369
600 1370
1105 1371
1372 1483
1318 1373
788 1374
1274 1375
205 1376
759 1377
936 1378
1178 1379
712 1380
1202 1381
1375 1382
748 1383
120 1384
802 1385
421 1386
1109 1387
1049 1388
721 1389
175 1390
1102 1391
807 1392
960 1393
217 1394
349 1395
416 1396
1397 1442
587 1398
355 1399
314 1400
112 1401
1402 1412
695 1403
1270 1404
274 1405
1110 1406
1019 1407
185 1408
377 1409
1286 1410
944 1411
1373 1412
1084 1413
833 1414
1403 1415
1201 1416
573 1417
50 1418
1419 1470
3 1420
632 1421
605 1422
842 1423
1424 1521
919 1425
1029 1426
1013 1427
920 1428
178 1429
1215 1430
1247 1431
32 1432
1433 1474
1368 1434
1279 1435
463 1436
1414 1437
374 1438
1439 1579
943 1440
1185 1441
867 1442
413 1443
1444 1558
688 1445
138 1446
765 1447
1092 1448
1426 1449
1131 1450
111 1451
1371 1452
424 1453
1454 1514
1170 1455
845 1456
848 1457
546 1458
275 1459
1233 1460
274 1461
1023 1462
1463 1531
620 1464
766 1465
223 1466
264 1467
1468 1504
1212 1469
1104 1470
712 1471
616 1472
992 1473
533 1474
1248 1475
474 1476
478 1477
639 1478
1333 1479
91 1480
821 1481
465 1482
128 1483
1126 1484
740 1485
1486 1501
538 1487
448 1488
362 1489
1214 1490
284 1491
1492 1580
984 1493
1106 1494
1428 1495
875 1496
697 1497
529 1498
39 1499
1355 1500
1501 1567
1483 1502
115 1503
453 1504
1484 1505
8 1506
391 1507
993 1508
755 1509
425 1510
1511 1561
1466 1512
1413 1513
730 1514
501 1515
1184 1516
685 1517
0 1518
215 1519
895 1520
361 1521
34 1522
1509 1523
954 1524
175 1525
1005 1526
144 1527
229 1528
755 1529
983 1530
1273 1531
1180 1532
1464 1533
1439 1534
28 1535
614 1536
1379 1537
1073 1538
762 1539
354 1540
1130 1541
1057 1542
784 1543
922 1544
548 1545
980 1546
580 1547
1497 1548
1439 1549
277 1550
95 1551
1100 1552
1485 1553
1014 1554
844 1555
1128 1556
994 1557
1111 1558
279 1559
945 1560
1502 1561
902 1562
670 1563
425 1564
826 1565
331 1566
1493 1567
1146 1568
613 1569
1138 1570
136 1571
110 1572
1369 1573
549 1574
1297 1575
0 1576
1064 1577
1275 1578
916 1579
246 1580
1367 1581
1528 1582
592 1583
226 1584
787 1585
253 1586
89 1587
729 1588
1263 1589
632 1590
227 1591
1209 1592
427 1593
744 1594
417 1595
1436 1596
971 1597
1237 1598
964 1599
